[ 2015-05-11T17:29:44+08:00 ] 127.0.0.1 /projects/posutoba/Home/getNotifyCount
INFO: [ app_begin ] --START--
INFO: Run Behavior\ReadHtmlCacheBehavior [ RunTime:0.000592s ]
INFO: [ app_begin ] --END-- [ RunTime:0.001110s ]
SQL: SHOW COLUMNS FROM `tb_notify` [ RunTime:0.0011s ]
SQL: SELECT COUNT(*) AS tp_count FROM `tb_notify` WHERE `user_id` = '16l2bkr' AND `notify_type` = 'fans' AND `is_read` = 0 LIMIT 1   [ RunTime:0.0003s ]
SQL: SELECT COUNT(*) AS tp_count FROM `tb_notify` WHERE `user_id` = '16l2bkr' AND `notify_type` = 'reply' AND `is_read` = 0 LIMIT 1   [ RunTime:0.0003s ]
SQL: SELECT COUNT(*) AS tp_count FROM `tb_notify` WHERE `user_id` = '16l2bkr' AND `is_read` = 0 LIMIT 1   [ RunTime:0.0003s ]

[ 2015-05-11T17:29:45+08:00 ] 127.0.0.1 /projects/posutoba/Home/getNotifyCount
INFO: [ app_begin ] --START--
INFO: Run Behavior\ReadHtmlCacheBehavior [ RunTime:0.000687s ]
INFO: [ app_begin ] --END-- [ RunTime:0.001262s ]
SQL: SHOW COLUMNS FROM `tb_notify` [ RunTime:0.0014s ]
SQL: SELECT COUNT(*) AS tp_count FROM `tb_notify` WHERE `user_id` = '16l2bkr' AND `notify_type` = 'fans' AND `is_read` = 0 LIMIT 1   [ RunTime:0.0005s ]
SQL: SELECT COUNT(*) AS tp_count FROM `tb_notify` WHERE `user_id` = '16l2bkr' AND `notify_type` = 'reply' AND `is_read` = 0 LIMIT 1   [ RunTime:0.0003s ]
SQL: SELECT COUNT(*) AS tp_count FROM `tb_notify` WHERE `user_id` = '16l2bkr' AND `is_read` = 0 LIMIT 1   [ RunTime:0.0003s ]

[ 2015-05-11T17:29:49+08:00 ] 127.0.0.1 /projects/posutoba/Home/getNotifyCount
INFO: [ app_begin ] --START--
INFO: Run Behavior\ReadHtmlCacheBehavior [ RunTime:0.000762s ]
INFO: [ app_begin ] --END-- [ RunTime:0.001264s ]
SQL: SHOW COLUMNS FROM `tb_notify` [ RunTime:0.0010s ]
SQL: SELECT COUNT(*) AS tp_count FROM `tb_notify` WHERE `user_id` = '16l2bkr' AND `notify_type` = 'fans' AND `is_read` = 0 LIMIT 1   [ RunTime:0.0004s ]
SQL: SELECT COUNT(*) AS tp_count FROM `tb_notify` WHERE `user_id` = '16l2bkr' AND `notify_type` = 'reply' AND `is_read` = 0 LIMIT 1   [ RunTime:0.0003s ]
SQL: SELECT COUNT(*) AS tp_count FROM `tb_notify` WHERE `user_id` = '16l2bkr' AND `is_read` = 0 LIMIT 1   [ RunTime:0.0002s ]

[ 2015-05-11T17:29:50+08:00 ] 127.0.0.1 /projects/posutoba/Home/getNotifyCount
INFO: [ app_begin ] --START--
INFO: Run Behavior\ReadHtmlCacheBehavior [ RunTime:0.000687s ]
INFO: [ app_begin ] --END-- [ RunTime:0.001194s ]
SQL: SHOW COLUMNS FROM `tb_notify` [ RunTime:0.0015s ]
SQL: SELECT COUNT(*) AS tp_count FROM `tb_notify` WHERE `user_id` = '16l2bkr' AND `notify_type` = 'fans' AND `is_read` = 0 LIMIT 1   [ RunTime:0.0005s ]
SQL: SELECT COUNT(*) AS tp_count FROM `tb_notify` WHERE `user_id` = '16l2bkr' AND `notify_type` = 'reply' AND `is_read` = 0 LIMIT 1   [ RunTime:0.0003s ]
SQL: SELECT COUNT(*) AS tp_count FROM `tb_notify` WHERE `user_id` = '16l2bkr' AND `is_read` = 0 LIMIT 1   [ RunTime:0.0004s ]

[ 2015-05-11T17:29:54+08:00 ] 127.0.0.1 /projects/posutoba/Home/getNotifyCount
INFO: [ app_begin ] --START--
INFO: Run Behavior\ReadHtmlCacheBehavior [ RunTime:0.000862s ]
INFO: [ app_begin ] --END-- [ RunTime:0.001457s ]
SQL: SHOW COLUMNS FROM `tb_notify` [ RunTime:0.0012s ]
SQL: SELECT COUNT(*) AS tp_count FROM `tb_notify` WHERE `user_id` = '16l2bkr' AND `notify_type` = 'fans' AND `is_read` = 0 LIMIT 1   [ RunTime:0.0004s ]
SQL: SELECT COUNT(*) AS tp_count FROM `tb_notify` WHERE `user_id` = '16l2bkr' AND `notify_type` = 'reply' AND `is_read` = 0 LIMIT 1   [ RunTime:0.0004s ]
SQL: SELECT COUNT(*) AS tp_count FROM `tb_notify` WHERE `user_id` = '16l2bkr' AND `is_read` = 0 LIMIT 1   [ RunTime:0.0004s ]

[ 2015-05-11T17:29:55+08:00 ] 127.0.0.1 /projects/posutoba/Home/getNotifyCount
INFO: [ app_begin ] --START--
INFO: Run Behavior\ReadHtmlCacheBehavior [ RunTime:0.000628s ]
INFO: [ app_begin ] --END-- [ RunTime:0.001089s ]
SQL: SHOW COLUMNS FROM `tb_notify` [ RunTime:0.0014s ]
SQL: SELECT COUNT(*) AS tp_count FROM `tb_notify` WHERE `user_id` = '16l2bkr' AND `notify_type` = 'fans' AND `is_read` = 0 LIMIT 1   [ RunTime:0.0004s ]
SQL: SELECT COUNT(*) AS tp_count FROM `tb_notify` WHERE `user_id` = '16l2bkr' AND `notify_type` = 'reply' AND `is_read` = 0 LIMIT 1   [ RunTime:0.0003s ]
SQL: SELECT COUNT(*) AS tp_count FROM `tb_notify` WHERE `user_id` = '16l2bkr' AND `is_read` = 0 LIMIT 1   [ RunTime:0.0002s ]

